<?xml version="1.0" encoding="UTF-8"?>
<!-- Generated by org.testng.reporters.JUnitReportReporter -->
<testsuite skipped="0" hostname="AmirPC" name="googlePakage.NewTest" tests="1" failures="0" timestamp="04 Jun 2020 08:21:24 GMT" time="42.204" errors="0">
  <testcase name="f" time="42.204" classname="googlePakage.NewTest"/>
</testsuite> <!-- googlePakage.NewTest -->
