<?xml version="1.0" encoding="UTF-8"?>
<!-- Generated by org.testng.reporters.JUnitReportReporter -->
<testsuite skipped="0" hostname="AmirPC" name="googlePakage.Google_Class2" tests="1" failures="0" timestamp="04 Jun 2020 08:28:16 GMT" time="13.236" errors="0">
  <testcase name="f" time="13.236" classname="googlePakage.Google_Class2"/>
</testsuite> <!-- googlePakage.Google_Class2 -->
